<?xml version="1.0" encoding="UTF-8"?>
<testng-results ignored="0" total="2" passed="2" failed="0" skipped="0">
  <reporter-output>
  </reporter-output>
  <suite started-at="2024-08-11T18:09:45 EEST" name="ExampleSuite" finished-at="2024-08-11T18:09:55 EEST" duration-ms="9451">
    <groups>
    </groups>
    <test started-at="2024-08-11T18:09:45 EEST" name="ExampleTests" finished-at="2024-08-11T18:09:55 EEST" duration-ms="9451">
      <class name="org.example.tests.WebTablesTest">
        <test-method is-config="true" signature="setUp()[pri:0, instance:org.example.tests.WebTablesTest@4a668b6e]" started-at="2024-08-11T18:09:49 EEST" name="setUp" finished-at="2024-08-11T18:09:52 EEST" duration-ms="2972" status="PASS">
          <reporter-output>
          </reporter-output>
        </test-method> <!-- setUp -->
        <test-method signature="testAddAndEditRecord()[pri:0, instance:org.example.tests.WebTablesTest@4a668b6e]" started-at="2024-08-11T18:09:52 EEST" name="testAddAndEditRecord" finished-at="2024-08-11T18:09:55 EEST" duration-ms="2108" status="PASS">
          <reporter-output>
          </reporter-output>
        </test-method> <!-- testAddAndEditRecord -->
        <test-method is-config="true" signature="tearDown()[pri:0, instance:org.example.tests.WebTablesTest@4a668b6e]" started-at="2024-08-11T18:09:55 EEST" name="tearDown" finished-at="2024-08-11T18:09:55 EEST" duration-ms="155" status="PASS">
          <reporter-output>
          </reporter-output>
        </test-method> <!-- tearDown -->
      </class> <!-- org.example.tests.WebTablesTest -->
      <class name="org.example.tests.ButtonsTest">
        <test-method is-config="true" signature="setUp()[pri:0, instance:org.example.tests.ButtonsTest@1356d4d4]" started-at="2024-08-11T18:09:45 EEST" name="setUp" finished-at="2024-08-11T18:09:49 EEST" duration-ms="3304" status="PASS">
          <reporter-output>
          </reporter-output>
        </test-method> <!-- setUp -->
        <test-method signature="testClickMeButton()[pri:0, instance:org.example.tests.ButtonsTest@1356d4d4]" started-at="2024-08-11T18:09:49 EEST" name="testClickMeButton" finished-at="2024-08-11T18:09:49 EEST" duration-ms="425" status="PASS">
          <reporter-output>
          </reporter-output>
        </test-method> <!-- testClickMeButton -->
        <test-method is-config="true" signature="tearDown()[pri:0, instance:org.example.tests.ButtonsTest@1356d4d4]" started-at="2024-08-11T18:09:49 EEST" name="tearDown" finished-at="2024-08-11T18:09:49 EEST" duration-ms="243" status="PASS">
          <reporter-output>
          </reporter-output>
        </test-method> <!-- tearDown -->
      </class> <!-- org.example.tests.ButtonsTest -->
    </test> <!-- ExampleTests -->
  </suite> <!-- ExampleSuite -->
</testng-results>
