<?xml version="1.0" encoding="UTF-8"?>
<testsuite xmlns:xsi="http://www.w3.org/2001/XMLSchema-instance" xsi:noNamespaceSchemaLocation="https://maven.apache.org/surefire/maven-surefire-plugin/xsd/surefire-test-report-3.0.xsd" version="3.0" name="TestSuite" time="10.016" tests="2" errors="0" skipped="0" failures="0">
  <properties>
[...]
</properties>
  <testcase name="testClickMeButton" classname="org.example.tests.ButtonsTest" time="0.461">
    <system-out><![CDATA[Message: You have done a dynamic click
]]></system-out>
  </testcase>
  <testcase name="testAddAndEditRecord" classname="org.example.tests.WebTablesTest" time="2.109"/>
</testsuite>